<?xml version="1.0" encoding="UTF-8"?>
<!-- Generated by org.testng.reporters.JUnitXMLReporter -->
<testsuite ignored="0" hostname="Mayur" failures="2" tests="2" name="Test" time="0.095" errors="0" timestamp="2025-11-28T00:18:08 IST">
  <testcase classname="AtumationProject.ValidateWebPage" name="test1" time="0.015">
    <failure type="java.lang.Error" message="Unresolved compilation problems: 
	WebDriver cannot be resolved to a type
	ChromeDriver cannot be resolved to a type
	By cannot be resolved
	By cannot be resolved
">
      <![CDATA[java.lang.Error: Unresolved compilation problems: 
WebDriver cannot be resolved to a type
ChromeDriver cannot be resolved to a type
By cannot be resolved
By cannot be resolved

at AtumationProject.ValidateWebPage.test1(ValidateWebPage.java:16)
at java.base/java.util.ArrayList.forEach(ArrayList.java:1596)
... Removed 25 stack frames]]>
    </failure>
  </testcase> <!-- test1 -->
  <testcase classname="AtumationProject.ValidatePPWeb" name="test" time="0.007">
    <failure type="java.lang.Error" message="Unresolved compilation problems: 
	WebDriver cannot be resolved to a type
	EdgeDriver cannot be resolved to a type
	By cannot be resolved
	By cannot be resolved
">
      <![CDATA[java.lang.Error: Unresolved compilation problems: 
WebDriver cannot be resolved to a type
EdgeDriver cannot be resolved to a type
By cannot be resolved
By cannot be resolved

at AtumationProject.ValidatePPWeb.test(ValidatePPWeb.java:24)
at java.base/java.util.ArrayList.forEach(ArrayList.java:1596)
... Removed 25 stack frames]]>
    </failure>
  </testcase> <!-- test -->
</testsuite> <!-- Test -->
