<?xml version="1.0" encoding="UTF-8"?>
<testng-results ignored="0" total="2" passed="2" failed="0" skipped="0">
  <reporter-output>
  </reporter-output>
  <suite started-at="2025-11-21T13:10:25 IST" name="Suite" finished-at="2025-11-21T13:11:07 IST" duration-ms="41947">
    <groups>
    </groups>
    <test started-at="2025-11-21T13:10:25 IST" name="Test" finished-at="2025-11-21T13:11:07 IST" duration-ms="41947">
      <class name="AtumationProject.ValidatePPWeb">
        <test-method signature="test()[pri:0, instance:AtumationProject.ValidatePPWeb@778d1062]" started-at="2025-11-21T13:10:47 IST" name="test" finished-at="2025-11-21T13:11:07 IST" duration-ms="20257" status="PASS">
          <reporter-output>
          </reporter-output>
        </test-method> <!-- test -->
      </class> <!-- AtumationProject.ValidatePPWeb -->
      <class name="AtumationProject.ValidateWebPage">
        <test-method signature="test1()[pri:0, instance:AtumationProject.ValidateWebPage@75329a49]" started-at="2025-11-21T13:10:26 IST" name="test1" finished-at="2025-11-21T13:10:47 IST" duration-ms="21590" status="PASS">
          <reporter-output>
          </reporter-output>
        </test-method> <!-- test1 -->
      </class> <!-- AtumationProject.ValidateWebPage -->
    </test> <!-- Test -->
  </suite> <!-- Suite -->
</testng-results>
